<?xml version="1.0" encoding="UTF-8"?>
<!-- Generated by org.testng.reporters.JUnitXMLReporter -->
<testsuite ignored="0" hostname="DESKTOP-HAVJPIM" failures="0" tests="3" name="SmokeTesting" time="0.044" errors="0" timestamp="2021-03-02T21:49:15 EST">
  <testcase classname="test.HomePageTest" name="@BeforeTest loadBrowser" time="0.005">
    <failure type="java.lang.NullPointerException" message="key can&amp;apos;t be null">
      <![CDATA[java.lang.NullPointerException: key can't be null
at java.base/java.lang.System.checkKey(System.java:960)
at java.base/java.lang.System.setProperty(System.java:908)
at base.TestBase.initalization(TestBase.java:28)
at test.HomePageTest.loadBrowser(HomePageTest.java:21)
... Removed 24 stack frames]]>
    </failure>
  </testcase> <!-- @BeforeTest loadBrowser -->
  <testcase classname="test.LoginTest" name="@BeforeTest loadBrowser" time="-1.614739755349E9">
    <skipped/>
  </testcase> <!-- @BeforeTest loadBrowser -->
  <testcase classname="test.HomePageTest" name="@AfterTest closeBrowser" time="-1.614739755379E9">
    <skipped/>
  </testcase> <!-- @AfterTest closeBrowser -->
  <testcase classname="test.LoginTest" name="@AfterTest closeBrowser" time="-1.61473975538E9">
    <skipped/>
  </testcase> <!-- @AfterTest closeBrowser -->
  <testcase classname="test.HomePageTest" name="RegisterlinkTest" time="0.0">
    <skipped/>
  </testcase> <!-- RegisterlinkTest -->
  <testcase classname="test.LoginTest" name="positiveLoginTestHomePage" time="0.0">
    <skipped/>
  </testcase> <!-- positiveLoginTestHomePage -->
  <testcase classname="test.HomePageTest" name="SignOnlinkTest" time="0.0">
    <skipped/>
  </testcase> <!-- SignOnlinkTest -->
</testsuite> <!-- SmokeTesting -->
